0 info it worked if it ends with ok
1 verbose cli [ '/root/.nvm/versions/node/v0.12.2/bin/node',
1 verbose cli   '/root/.nvm/versions/node/v0.12.2/bin/npm',
1 verbose cli   'start' ]
2 info using npm@2.7.4
3 info using node@v0.12.2
4 verbose run-script [ 'prestart', 'start', 'poststart' ]
5 info prestart node-by-example@1.0.0
6 info start node-by-example@1.0.0
7 verbose unsafe-perm in lifecycle true
8 info node-by-example@1.0.0 Failed to exec start script
9 verbose stack Error: node-by-example@1.0.0 start: `./08_http/simple_server.js`
9 verbose stack Exit status 126
9 verbose stack     at EventEmitter.<anonymous> (/root/.nvm/versions/node/v0.12.2/lib/node_modules/npm/lib/utils/lifecycle.js:213:16)
9 verbose stack     at EventEmitter.emit (events.js:110:17)
9 verbose stack     at ChildProcess.<anonymous> (/root/.nvm/versions/node/v0.12.2/lib/node_modules/npm/lib/utils/spawn.js:14:12)
9 verbose stack     at ChildProcess.emit (events.js:110:17)
9 verbose stack     at maybeClose (child_process.js:1015:16)
9 verbose stack     at Process.ChildProcess._handle.onexit (child_process.js:1087:5)
10 verbose pkgid node-by-example@1.0.0
11 verbose cwd /workdir/verchol/node-by-example
12 error Linux 3.13.0-44-generic
13 error argv "/root/.nvm/versions/node/v0.12.2/bin/node" "/root/.nvm/versions/node/v0.12.2/bin/npm" "start"
14 error node v0.12.2
15 error npm  v2.7.4
16 error code ELIFECYCLE
17 error node-by-example@1.0.0 start: `./08_http/simple_server.js`
17 error Exit status 126
18 error Failed at the node-by-example@1.0.0 start script './08_http/simple_server.js'.
18 error This is most likely a problem with the node-by-example package,
18 error not with npm itself.
18 error Tell the author that this fails on your system:
18 error     ./08_http/simple_server.js
18 error You can get their info via:
18 error     npm owner ls node-by-example
18 error There is likely additional logging output above.
19 verbose exit [ 1, true ]
