0 info it worked if it ends with ok
1 verbose cli [ '/root/.nvm/versions/node/v0.12.2/bin/node',
1 verbose cli   '/root/.nvm/versions/node/v0.12.2/bin/npm',
1 verbose cli   'install' ]
2 info using npm@2.7.4
3 info using node@v0.12.2
4 error install Couldn't read dependencies
5 verbose stack Error: ENOENT, open '/workdir/verchol/node-by-example/08_http/package.json'
5 verbose stack     at Error (native)
6 verbose cwd /workdir/verchol/node-by-example/08_http
7 error Linux 3.13.0-44-generic
8 error argv "/root/.nvm/versions/node/v0.12.2/bin/node" "/root/.nvm/versions/node/v0.12.2/bin/npm" "install"
9 error node v0.12.2
10 error npm  v2.7.4
11 error path /workdir/verchol/node-by-example/08_http/package.json
12 error code ENOPACKAGEJSON
13 error errno -2
14 error package.json ENOENT, open '/workdir/verchol/node-by-example/08_http/package.json'
14 error package.json This is most likely not a problem with npm itself.
14 error package.json npm can't find a package.json file in your current directory.
15 verbose exit [ -2, true ]
